0000                          .ORG   0000   
0000   00                     NOP   
0001   00                     NOP   
0002   11 00 A0               LD   DE,$A000   
0005   21 00 00               LD   HL,$0000   
0008   01 00 06               LD   BC,$0600   
000B   ED B0                  LDIR   
000D   C3 12 A0               JP   $A012   
0010   00                     NOP   
0011   00                     NOP   
0012   00                     NOP   
0013   00                     NOP   
0014                          ; This runs from $A013
0014   00                     NOP   
0015   3E 00                  LD   A,0   
0017   D3 38                  OUT   ($38),A   
0019   11 00 00               LD   de,$0000   
001C   21 00 A1               LD   HL,$A100   
001F   01 00 05               LD   bc,$0500   
0022   ED B0                  LDIR   
0024   C3 00 00               JP   0   


_PC         0024
